<?xml version="1.0" encoding="UTF-8"?>
<!-- Generated by org.testng.reporters.JUnitReportReporter -->
<testsuite hostname="PSL-JK01MW2" failures="0" tests="2" name="packageTwo.Testcase3" time="19.187" errors="0" timestamp="2023-08-23T14:10:51 IST" skipped="0">
  <testcase classname="packageTwo.Testcase3" name="searchcase4" time="8.792"/>
  <system-out/>
  <testcase classname="packageTwo.Testcase3" name="searchcase3" time="10.395"/>
  <system-out/>
</testsuite> <!-- packageTwo.Testcase3 -->
