<?xml version="1.0" encoding="UTF-8"?>
<!-- Generated by org.testng.reporters.JUnitReportReporter -->
<testsuite hostname="PSL-JK01MW2" failures="0" tests="3" name="packageTwo.Testone001" time="0.010" errors="0" timestamp="2023-08-23T14:10:51 IST" skipped="0">
  <testcase classname="packageTwo.Testone001" name="TestTwo" time="0.001"/>
  <system-out/>
  <testcase classname="packageTwo.Testone001" name="TestOne" time="0.008"/>
  <system-out/>
  <testcase classname="packageTwo.Testone001" name="TestThree" time="0.001"/>
  <system-out/>
</testsuite> <!-- packageTwo.Testone001 -->
