<?xml version="1.0" encoding="UTF-8"?>
<!-- Generated by org.testng.reporters.JUnitReportReporter -->
<testsuite hostname="PSL-JK01MW2" failures="0" tests="3" name="dataprovider.DataDriven" time="0.015" errors="0" timestamp="2023-08-24T10:47:19 IST" skipped="0">
  <testcase classname="dataprovider.DataDriven" name="DataTest" time="0.002"/>
  <system-out/>
  <testcase classname="dataprovider.DataDriven" name="DataTest" time="0.012"/>
  <system-out/>
  <testcase classname="dataprovider.DataDriven" name="DataTest" time="0.001"/>
  <system-out/>
</testsuite> <!-- dataprovider.DataDriven -->
