<?xml version="1.0" encoding="UTF-8"?>
<!-- Generated by org.testng.reporters.JUnitReportReporter -->
<testsuite hostname="PSL-JK01MW2" failures="0" tests="3" name="dataprovider.DataTestClass" time="0.009" errors="0" timestamp="2023-08-24T11:06:12 IST" skipped="0">
  <testcase classname="dataprovider.DataTestClass" name="TC001" time="0.001"/>
  <system-out/>
  <testcase classname="dataprovider.DataTestClass" name="TC001" time="0.001"/>
  <system-out/>
  <testcase classname="dataprovider.DataTestClass" name="TC001" time="0.007"/>
  <system-out/>
</testsuite> <!-- dataprovider.DataTestClass -->
