<?xml version="1.0" encoding="UTF-8"?>
<!-- Generated by org.testng.reporters.JUnitReportReporter -->
<testsuite hostname="PSL-JK01MW2" failures="0" tests="2" name="groupExamples.GroupOne" time="0.011" errors="0" timestamp="2023-08-23T18:37:22 IST" skipped="0">
  <testcase classname="groupExamples.GroupOne" name="Testthree" time="0.001"/>
  <system-out/>
  <testcase classname="groupExamples.GroupOne" name="Testfive" time="0.010"/>
  <system-out/>
</testsuite> <!-- groupExamples.GroupOne -->
