<?xml version="1.0" encoding="UTF-8"?>
<!-- Generated by org.testng.reporters.JUnitReportReporter -->
<testsuite hostname="PSL-JK01MW2" failures="0" tests="2" name="groups.RegEx" time="0.016" errors="0" timestamp="2023-08-23T23:00:30 IST" skipped="0">
  <testcase classname="groups.RegEx" name="TC001" time="0.014"/>
  <system-out/>
  <testcase classname="groups.RegEx" name="TC002" time="0.002"/>
  <system-out/>
</testsuite> <!-- groups.RegEx -->
