<?xml version="1.0" encoding="UTF-8"?>
<!-- Generated by org.testng.reporters.JUnitReportReporter -->
<testsuite hostname="PSL-JK01MW2" failures="0" tests="2" name="parameter_xml.OptionalValue" time="0.012" errors="0" timestamp="2023-08-24T16:22:41 IST" skipped="0">
  <testcase classname="parameter_xml.OptionalValue" name="optionalMethod" time="0.004"/>
  <system-out/>
  <testcase classname="parameter_xml.OptionalValue" name="optionalMethod" time="0.008"/>
  <system-out/>
</testsuite> <!-- parameter_xml.OptionalValue -->
