<?xml version="1.0" encoding="UTF-8"?>
<!-- Generated by org.testng.reporters.JUnitReportReporter -->
<testsuite hostname="PSL-JK01MW2" failures="0" tests="2" name="com.testNG.TwoTestExecution" time="21.427" errors="0" timestamp="2023-08-24T10:41:26 IST" skipped="0">
  <testcase classname="com.testNG.TwoTestExecution" name="SerachTest002" time="10.601"/>
  <system-out/>
  <testcase classname="com.testNG.TwoTestExecution" name="SerachTest001" time="10.826"/>
  <system-out/>
</testsuite> <!-- com.testNG.TwoTestExecution -->
