<?xml version="1.0" encoding="UTF-8"?>
<!-- Generated by org.testng.reporters.JUnitReportReporter -->
<testsuite hostname="PSL-JK01MW2" failures="0" tests="12" name="dataprovider.ArithmaticExcution" time="0.018" errors="0" timestamp="2023-08-24T17:55:21 IST" skipped="0">
  <testcase classname="dataprovider.ArithmaticExcution" name="testSub" time="0.001"/>
  <system-out/>
  <testcase classname="dataprovider.ArithmaticExcution" name="testDiv" time="0.008"/>
  <system-out/>
  <testcase classname="dataprovider.ArithmaticExcution" name="testMulti" time="0.000"/>
  <system-out/>
  <testcase classname="dataprovider.ArithmaticExcution" name="testMulti" time="0.001"/>
  <system-out/>
  <testcase classname="dataprovider.ArithmaticExcution" name="testDiv" time="0.001"/>
  <system-out/>
  <testcase classname="dataprovider.ArithmaticExcution" name="testSub" time="0.001"/>
  <system-out/>
  <testcase classname="dataprovider.ArithmaticExcution" name="testSub" time="0.001"/>
  <system-out/>
  <testcase classname="dataprovider.ArithmaticExcution" name="testMulti" time="0.001"/>
  <system-out/>
  <testcase classname="dataprovider.ArithmaticExcution" name="testDiv" time="0.001"/>
  <system-out/>
  <testcase classname="dataprovider.ArithmaticExcution" name="testSum" time="0.001"/>
  <system-out/>
  <testcase classname="dataprovider.ArithmaticExcution" name="testSum" time="0.001"/>
  <system-out/>
  <testcase classname="dataprovider.ArithmaticExcution" name="testSum" time="0.001"/>
  <system-out/>
</testsuite> <!-- dataprovider.ArithmaticExcution -->
