<?xml version="1.0" encoding="UTF-8"?>
<!-- Generated by org.testng.reporters.JUnitReportReporter -->
<testsuite hostname="PSL-JK01MW2" failures="0" tests="2" name="com.testNG.Testtwo" time="19.822" errors="0" timestamp="2023-08-22T16:12:07 IST" skipped="0">
  <testcase classname="com.testNG.Testtwo" name="SerachTest002" time="4.228"/>
  <system-out/>
  <testcase classname="com.testNG.Testtwo" name="SerachTest001" time="15.594"/>
  <system-out/>
</testsuite> <!-- com.testNG.Testtwo -->
