<?xml version="1.0" encoding="UTF-8"?>
<!-- Generated by org.testng.reporters.JUnitReportReporter -->
<testsuite hostname="PSL-JK01MW2" failures="0" tests="1" name="parameter_xml.NewTest" time="0.011" errors="0" timestamp="2023-08-23T16:20:24 IST" skipped="0">
  <testcase classname="parameter_xml.NewTest" name="searchname" time="0.011"/>
  <system-out/>
</testsuite> <!-- parameter_xml.NewTest -->
