<?xml version="1.0" encoding="UTF-8"?>
<!-- Generated by org.testng.reporters.JUnitReportReporter -->
<testsuite hostname="PSL-JK01MW2" failures="0" tests="3" name="groups.GroupOne" time="0.009" errors="0" timestamp="2023-08-23T23:25:30 IST" skipped="0">
  <testcase classname="groups.GroupOne" name="Testone" time="0.001"/>
  <system-out/>
  <testcase classname="groups.GroupOne" name="Testfour" time="0.007"/>
  <system-out/>
  <testcase classname="groups.GroupOne" name="Testseven" time="0.001"/>
  <system-out/>
</testsuite> <!-- groups.GroupOne -->
