<?xml version="1.0" encoding="UTF-8"?>
<!-- Generated by org.testng.reporters.JUnitReportReporter -->
<testsuite hostname="PSL-JK01MW2" failures="0" tests="5" name="dataprovider.dataPractice" time="0.012" errors="0" timestamp="2023-08-24T10:53:31 IST" skipped="0">
  <testcase classname="dataprovider.dataPractice" name="TestData" time="0.001"/>
  <system-out/>
  <testcase classname="dataprovider.dataPractice" name="TestData" time="0.000"/>
  <system-out/>
  <testcase classname="dataprovider.dataPractice" name="TestData" time="0.008"/>
  <system-out/>
  <testcase classname="dataprovider.dataPractice" name="TestData" time="0.002"/>
  <system-out/>
  <testcase classname="dataprovider.dataPractice" name="TestData" time="0.001"/>
  <system-out/>
</testsuite> <!-- dataprovider.dataPractice -->
