<?xml version="1.0" encoding="UTF-8"?>
<!-- Generated by org.testng.reporters.JUnitReportReporter -->
<testsuite hostname="PSL-JK01MW2" failures="0" tests="3" name="com.testNG.Testone001" time="0.011" errors="0" timestamp="2023-08-22T18:12:59 IST" skipped="0">
  <testcase classname="com.testNG.Testone001" name="TestThree" time="0.000"/>
  <system-out/>
  <testcase classname="com.testNG.Testone001" name="TestTwo" time="0.002"/>
  <system-out/>
  <testcase classname="com.testNG.Testone001" name="TestOne" time="0.009"/>
  <system-out/>
</testsuite> <!-- com.testNG.Testone001 -->
